# JRE version: Java(TM) SE Runtime Environment (8.0_91-b14) (build 1.8.0_91-b14)
# Java VM: Java HotSpot(TM) 64-Bit Server VM (25.91-b14 mixed mode windows-amd64 compressed oops)
Heap:
 PSYoungGen      total 30208K, used 20545K [0x00000000eab00000, 0x00000000ed280000, 0x0000000100000000)
  eden space 20992K, 89% used [0x00000000eab00000,0x00000000ebd3ff08,0x00000000ebf80000)
  from space 9216K, 20% used [0x00000000ec980000,0x00000000ecb50818,0x00000000ed280000)
  to   space 9728K, 0% used [0x00000000ebf80000,0x00000000ebf80000,0x00000000ec900000)
 ParOldGen       total 43008K, used 14718K [0x00000000c0000000, 0x00000000c2a00000, 0x00000000eab00000)
  object space 43008K, 34% used [0x00000000c0000000,0x00000000c0e5f960,0x00000000c2a00000)
 Metaspace       used 35983K, capacity 36648K, committed 36824K, reserved 1081344K
  class space    used 4869K, capacity 5048K, committed 5120K, reserved 1048576K
GC Heap History (10 events):
Event: 52.890 GC heap before
{Heap before GC invocations=12 (full 1):
 PSYoungGen      total 29696K, used 25972K [0x00000000eab00000, 0x00000000ed200000, 0x0000000100000000)
  eden space 21504K, 100% used [0x00000000eab00000,0x00000000ec000000,0x00000000ec000000)
  from space 8192K, 54% used [0x00000000eca00000,0x00000000ece5d2a8,0x00000000ed200000)
  to   space 9216K, 0% used [0x00000000ec000000,0x00000000ec000000,0x00000000ec900000)
 ParOldGen       total 39424K, used 10676K [0x00000000c0000000, 0x00000000c2680000, 0x00000000eab00000)
  object space 39424K, 27% used [0x00000000c0000000,0x00000000c0a6d380,0x00000000c2680000)
 Metaspace       used 30952K, capacity 31586K, committed 31872K, reserved 1077248K
  class space    used 4244K, capacity 4444K, committed 4480K, reserved 1048576K
Event: 52.896 GC heap after
Heap after GC invocations=12 (full 1):
 PSYoungGen      total 30720K, used 1648K [0x00000000eab00000, 0x00000000ed300000, 0x0000000100000000)
  eden space 21504K, 0% used [0x00000000eab00000,0x00000000eab00000,0x00000000ec000000)
  from space 9216K, 17% used [0x00000000ec000000,0x00000000ec19c010,0x00000000ec900000)
  to   space 9728K, 0% used [0x00000000ec980000,0x00000000ec980000,0x00000000ed300000)
 ParOldGen       total 39424K, used 13416K [0x00000000c0000000, 0x00000000c2680000, 0x00000000eab00000)
  object space 39424K, 34% used [0x00000000c0000000,0x00000000c0d1a3b0,0x00000000c2680000)
 Metaspace       used 30952K, capacity 31586K, committed 31872K, reserved 1077248K
  class space    used 4244K, capacity 4444K, committed 4480K, reserved 1048576K
}
Event: 66.113 GC heap before
{Heap before GC invocations=13 (full 1):
 PSYoungGen      total 30720K, used 23152K [0x00000000eab00000, 0x00000000ed300000, 0x0000000100000000)
  eden space 21504K, 100% used [0x00000000eab00000,0x00000000ec000000,0x00000000ec000000)
  from space 9216K, 17% used [0x00000000ec000000,0x00000000ec19c010,0x00000000ec900000)
  to   space 9728K, 0% used [0x00000000ec980000,0x00000000ec980000,0x00000000ed300000)
 ParOldGen       total 39424K, used 13416K [0x00000000c0000000, 0x00000000c2680000, 0x00000000eab00000)
  object space 39424K, 34% used [0x00000000c0000000,0x00000000c0d1a3b0,0x00000000c2680000)
 Metaspace       used 33281K, capacity 33998K, committed 34304K, reserved 1079296K
  class space    used 4541K, capacity 4739K, committed 4864K, reserved 1048576K
Event: 66.119 GC heap after
Heap after GC invocations=13 (full 1):
 PSYoungGen      total 30208K, used 3599K [0x00000000eab00000, 0x00000000ed200000, 0x0000000100000000)
  eden space 21504K, 0% used [0x00000000eab00000,0x00000000eab00000,0x00000000ec000000)
  from space 8704K, 41% used [0x00000000ec980000,0x00000000ecd03f50,0x00000000ed200000)
  to   space 9216K, 0% used [0x00000000ec000000,0x00000000ec000000,0x00000000ec900000)
 ParOldGen       total 39424K, used 14560K [0x00000000c0000000, 0x00000000c2680000, 0x00000000eab00000)
  object space 39424K, 36% used [0x00000000c0000000,0x00000000c0e383e0,0x00000000c2680000)
 Metaspace       used 33281K, capacity 33998K, committed 34304K, reserved 1079296K
  class space    used 4541K, capacity 4739K, committed 4864K, reserved 1048576K
}
Event: 66.810 GC heap before
{Heap before GC invocations=14 (full 1):
 PSYoungGen      total 30208K, used 10572K [0x00000000eab00000, 0x00000000ed200000, 0x0000000100000000)
  eden space 21504K, 32% used [0x00000000eab00000,0x00000000eb1cf498,0x00000000ec000000)
  from space 8704K, 41% used [0x00000000ec980000,0x00000000ecd03f50,0x00000000ed200000)
  to   space 9216K, 0% used [0x00000000ec000000,0x00000000ec000000,0x00000000ec900000)
 ParOldGen       total 39424K, used 14560K [0x00000000c0000000, 0x00000000c2680000, 0x00000000eab00000)
  object space 39424K, 36% used [0x00000000c0000000,0x00000000c0e383e0,0x00000000c2680000)
 Metaspace       used 34512K, capacity 35288K, committed 35416K, reserved 1079296K
  class space    used 4686K, capacity 4916K, committed 4992K, reserved 1048576K
Event: 66.817 GC heap after
Heap after GC invocations=14 (full 1):
 PSYoungGen      total 30720K, used 1300K [0x00000000eab00000, 0x00000000ed300000, 0x0000000100000000)
  eden space 21504K, 0% used [0x00000000eab00000,0x00000000eab00000,0x00000000ec000000)
  from space 9216K, 14% used [0x00000000ec000000,0x00000000ec145380,0x00000000ec900000)
  to   space 9728K, 0% used [0x00000000ec980000,0x00000000ec980000,0x00000000ed300000)
 ParOldGen       total 39424K, used 16529K [0x00000000c0000000, 0x00000000c2680000, 0x00000000eab00000)
  object space 39424K, 41% used [0x00000000c0000000,0x00000000c1024430,0x00000000c2680000)
 Metaspace       used 34512K, capacity 35288K, committed 35416K, reserved 1079296K
  class space    used 4686K, capacity 4916K, committed 4992K, reserved 1048576K
}
Event: 66.817 GC heap before
{Heap before GC invocations=15 (full 2):
 PSYoungGen      total 30720K, used 1300K [0x00000000eab00000, 0x00000000ed300000, 0x0000000100000000)
  eden space 21504K, 0% used [0x00000000eab00000,0x00000000eab00000,0x00000000ec000000)
  from space 9216K, 14% used [0x00000000ec000000,0x00000000ec145380,0x00000000ec900000)
  to   space 9728K, 0% used [0x00000000ec980000,0x00000000ec980000,0x00000000ed300000)
 ParOldGen       total 39424K, used 16529K [0x00000000c0000000, 0x00000000c2680000, 0x00000000eab00000)
  object space 39424K, 41% used [0x00000000c0000000,0x00000000c1024430,0x00000000c2680000)
 Metaspace       used 34512K, capacity 35288K, committed 35416K, reserved 1079296K
  class space    used 4686K, capacity 4916K, committed 4992K, reserved 1048576K
Event: 66.932 GC heap after
Heap after GC invocations=15 (full 2):
 PSYoungGen      total 30720K, used 0K [0x00000000eab00000, 0x00000000ed300000, 0x0000000100000000)
  eden space 21504K, 0% used [0x00000000eab00000,0x00000000eab00000,0x00000000ec000000)
  from space 9216K, 0% used [0x00000000ec000000,0x00000000ec000000,0x00000000ec900000)
  to   space 9728K, 0% used [0x00000000ec980000,0x00000000ec980000,0x00000000ed300000)
 ParOldGen       total 43008K, used 14710K [0x00000000c0000000, 0x00000000c2a00000, 0x00000000eab00000)
  object space 43008K, 34% used [0x00000000c0000000,0x00000000c0e5d960,0x00000000c2a00000)
 Metaspace       used 34512K, capacity 35288K, committed 35416K, reserved 1079296K
  class space    used 4686K, capacity 4916K, committed 4992K, reserved 1048576K
}
Event: 67.405 GC heap before
{Heap before GC invocations=16 (full 2):
 PSYoungGen      total 30720K, used 21504K [0x00000000eab00000, 0x00000000ed300000, 0x0000000100000000)
  eden space 21504K, 100% used [0x00000000eab00000,0x00000000ec000000,0x00000000ec000000)
  from space 9216K, 0% used [0x00000000ec000000,0x00000000ec000000,0x00000000ec900000)
  to   space 9728K, 0% used [0x00000000ec980000,0x00000000ec980000,0x00000000ed300000)
 ParOldGen       total 43008K, used 14710K [0x00000000c0000000, 0x00000000c2a00000, 0x00000000eab00000)
  object space 43008K, 34% used [0x00000000c0000000,0x00000000c0e5d960,0x00000000c2a00000)
 Metaspace       used 35757K, capacity 36456K, committed 36824K, reserved 1081344K
  class space    used 4850K, capacity 5048K, committed 5120K, reserved 1048576K
Event: 67.410 GC heap after
Heap after GC invocations=16 (full 2):
 PSYoungGen      total 30208K, used 1858K [0x00000000eab00000, 0x00000000ed280000, 0x0000000100000000)
  eden space 20992K, 0% used [0x00000000eab00000,0x00000000eab00000,0x00000000ebf80000)
  from space 9216K, 20% used [0x00000000ec980000,0x00000000ecb50818,0x00000000ed280000)
  to   space 9728K, 0% used [0x00000000ebf80000,0x00000000ebf80000,0x00000000ec900000)
 ParOldGen       total 43008K, used 14718K [0x00000000c0000000, 0x00000000c2a00000, 0x00000000eab00000)
  object space 43008K, 34% used [0x00000000c0000000,0x00000000c0e5f960,0x00000000c2a00000)
 Metaspace       used 35757K, capacity 36456K, committed 36824K, reserved 1081344K
  class space    used 4850K, capacity 5048K, committed 5120K, reserved 1048576K
}

